<?xml version="1.0" encoding="UTF-8"?>
<!-- Generated by org.testng.reporters.JUnitXMLReporter -->
<testsuite hostname="B1009809" ignored="0" name="HomePageComponents" tests="15" failures="0" timestamp="22 mai 2019 08:25:12 GMT" time="203.348" errors="0">
  <testcase name="TheLeadHAvebeenSubmittedForPeugeotFrance" time="14.669" classname="Peugeot.LeadsTest"/>
  <testcase name="TheLeadHAvebeenSubmittedForDSFrance" time="11.061" classname="DS.LeadsTest"/>
  <testcase name="TheLeadHAvebeenSubmittedForCitroënFrance" time="10.526" classname="Citroën.LeadsTest"/>
  <testcase name="TheLeadHAvebeenSubmittedForPeugeotSpain" time="8.47" classname="Peugeot.LeadsTest"/>
  <testcase name="TheLeadHAvebeenSubmittedForDSSpain" time="9.312" classname="DS.LeadsTest"/>
  <testcase name="TheLeadHAvebeenSubmittedForCitroënSpain" time="10.917" classname="Citroën.LeadsTest"/>
  <testcase name="TheLeadHAvebeenSubmittedForPeugeotItaly" time="10.303" classname="Peugeot.LeadsTest"/>
  <testcase name="TheLeadHAvebeenSubmittedForDSItaly" time="11.696" classname="DS.LeadsTest"/>
  <testcase name="TheLeadHAvebeenSubmittedForCitroënItaly" time="9.783" classname="Citroën.LeadsTest"/>
  <testcase name="TheLeadHAvebeenSubmittedForPeugeotBelgiumFR" time="9.432" classname="Peugeot.LeadsTest"/>
  <testcase name="TheLeadHAvebeenSubmittedForDSBelgiumFR" time="13.506" classname="DS.LeadsTest"/>
  <testcase name="TheLeadHAvebeenSubmittedForCitroënBelgiumFR" time="11.077" classname="Citroën.LeadsTest"/>
  <testcase name="TheLeadHAvebeenSubmittedForPeugeotBelgiumNL" time="11.12" classname="Peugeot.LeadsTest"/>
  <testcase name="TheLeadHAvebeenSubmittedForDSBelgiumNL" time="12.273" classname="DS.LeadsTest"/>
  <testcase name="TheLeadHAvebeenSubmittedForCitroënBelgiumNL" time="12.235" classname="Citroën.LeadsTest"/>
</testsuite> <!-- HomePageComponents -->
