<?xml version="1.0" encoding="UTF-8"?>
<!-- Generated by org.testng.reporters.JUnitXMLReporter -->
<testsuite hostname="B1009809" ignored="0" name="Default test" tests="12" failures="0" timestamp="29 mai 2019 09:14:36 GMT" time="53.843" errors="0">
  <testcase name="ThePriceInTheProductPageIsEqualToThePriceInThePopoup" time="17.857" classname="Peugeot.ProductPageTest"/>
  <testcase name="ThePriceInTheProductPageIsEqualToThePriceInThePopoup" time="29.469" classname="Peugeot.ProductPageTest"/>
  <testcase name="ThePriceeforeOptionsIsLowerThanTheTTCPrice" time="1.221" classname="Peugeot.ProductPageTest"/>
  <testcase name="ThePriceeforeOptionsIsLowerThanTheTTCPrice" time="1.013" classname="Peugeot.ProductPageTest"/>
  <testcase name="ThePopupPriceDetailsCanBeOpened" time="0.441" classname="Peugeot.ProductPageTest"/>
  <testcase name="ThePopupPriceDetailsCanBeOpened" time="0.485" classname="Peugeot.ProductPageTest"/>
  <testcase name="ThePopupPriceDetailsCanBeClosed" time="0.507" classname="Peugeot.ProductPageTest"/>
  <testcase name="ThePopupPriceDetailsCanBeClosed" time="0.544" classname="Peugeot.ProductPageTest"/>
  <testcase name="ThePriceEstimationCanBeOpened" time="0.791" classname="Peugeot.ProductPageTest"/>
  <testcase name="ThePriceEstimationCanBeOpened" time="0.518" classname="Peugeot.ProductPageTest"/>
  <testcase name="ThePriceEstimationCanBeClosed" time="0.435" classname="Peugeot.ProductPageTest"/>
  <testcase name="ThePriceEstimationCanBeClosed" time="0.5" classname="Peugeot.ProductPageTest"/>
</testsuite> <!-- Default test -->
