<?xml version="1.0" encoding="UTF-8"?>
<!-- Generated by org.testng.reporters.JUnitXMLReporter -->
<testsuite hostname="B1009809" ignored="0" name="Default test" tests="30" failures="0" timestamp="11 Jun 2019 12:04:29 GMT" time="92.725" errors="0">
  <testcase name="ThePageTitleisCorrect" time="1.95" classname="Peugeot.HPCompFrTest"/>
  <testcase name="ThePeugeotLogoIsDisplayed" time="0.107" classname="Peugeot.HPCompFrTest"/>
  <testcase name="TheTextUnderThePageTitleIsCorrect" time="0.196" classname="Peugeot.HPCompFrTest"/>
  <testcase name="GotToHomePageWhenClickingOnThePeugeotLogo" time="6.927" classname="Peugeot.HPCompFrTest"/>
  <testcase name="TheFacebookIconeIsPresent" time="4.336" classname="Peugeot.HPCompFrTest"/>
  <testcase name="GotFacebookPageWhenClickingTheFacebookIcone" time="16.67" classname="Peugeot.HPCompFrTest"/>
  <testcase name="TheUserGeneralConditionsTextIsPresent" time="0.271" classname="Peugeot.HPCompFrTest"/>
  <testcase name="TheCookiesTextIsPresent" time="0.08" classname="Peugeot.HPCompFrTest"/>
  <testcase name="GotTheUserGeneralConditionsPDF" time="3.573" classname="Peugeot.HPCompFrTest"/>
  <testcase name="GotTheCookiesPopUp" time="4.373" classname="Peugeot.HPCompFrTest"/>
  <testcase name="TheMySaveIconIsDisplayed" time="0.065" classname="Peugeot.HPCompFrTest"/>
  <testcase name="TheMySaveTextIsDisplayed" time="0.06" classname="Peugeot.HPCompFrTest"/>
  <testcase name="TheNeedHelpIconeIsDisplayed" time="0.048" classname="Peugeot.HPCompFrTest"/>
  <testcase name="TheNeedHelpTextIsDisplayed" time="0.054" classname="Peugeot.HPCompFrTest"/>
  <testcase name="GotAPopupWhenClickingOnNeedHelpBotton" time="3.388" classname="Peugeot.HPCompFrTest"/>
  <testcase name="TheTwiterIconeIsPresent" time="0.073" classname="Peugeot.HPCompFrTest"/>
  <testcase name="TheYoutubeIconeIsPresent" time="0.067" classname="Peugeot.HPCompFrTest"/>
  <testcase name="GotTwiterPageWhenClickingTheTwiterIcone" time="4.869" classname="Peugeot.HPCompFrTest"/>
  <testcase name="GotYoutubePageWhenClickingTheyoutubeIcone" time="5.742" classname="Peugeot.HPCompFrTest"/>
  <testcase name="TheSellGeneralConditionsTextIsPresent" time="0.101" classname="Peugeot.HPCompFrTest"/>
  <testcase name="GotTheSellGeneralConditionsPDF" time="3.487" classname="Peugeot.HPCompFrTest"/>
  <testcase name="GotTheRightUrlWhenClickingOnCarConfiguratorLink" time="4.341" classname="Peugeot.HPCompFrTest"/>
  <testcase name="GotTheRightUrlWhenClickingOnProfessionalCarsLink" time="4.019" classname="Peugeot.HPCompFrTest"/>
  <testcase name="GotTheRightUrlWhenClickingOnCarAccessoriesLink" time="4.464" classname="Peugeot.HPCompFrTest"/>
  <testcase name="GotTheRightUrlWhenClickingOnUsedCarsLink" time="3.812" classname="Peugeot.HPCompFrTest"/>
  <testcase name="GotTheRightUrlWhenClickingOnTheOrderStepsLink" time="3.612" classname="Peugeot.HPCompFrTest"/>
  <testcase name="GotTheRightUrlWhenClickingOnWebsotrePaimentLink" time="3.651" classname="Peugeot.HPCompFrTest"/>
  <testcase name="GotTheRightUrlWhenClickingOnTheDelieveryStepsLink" time="3.722" classname="Peugeot.HPCompFrTest"/>
  <testcase name="GotTheRightUrlWhenClickingOnTheFAQLink" time="3.591" classname="Peugeot.HPCompFrTest"/>
  <testcase name="GotTheRightUrlWhenClickingOnTheDealersLink" time="4.875" classname="Peugeot.HPCompFrTest"/>
</testsuite> <!-- Default test -->
