<?xml version="1.0" encoding="UTF-8"?>
<!-- Generated by org.testng.reporters.JUnitXMLReporter -->
<testsuite hostname="B1009809" ignored="0" name="HomePageComponents" tests="66" failures="0" timestamp="17 avr. 2019 13:31:51 GMT" time="0.57" errors="0">
  <testcase name="@BeforeSuite BeforeTest" time="14.15" classname="Peugeot.PreProdHomePageComponentsPeugeotBelgiumFRTest">
    <failure type="org.openqa.selenium.WebDriverException" message="unknown error: cannot determine loading status
from unknown error: cannot determine loading status
from disconnected: received Inspector.detached event
  (Session info: chrome=73.0.3683.103)
  (Driver info: chromedriver=73.0.3683.68 (47787ec04b6e38e22703e856e101e840b65afe72),platform=Windows NT 10.0.14393 x86_64) (WARNING: The server did not provide any stacktrace information)
Command duration or timeout: 0 milliseconds
Build info: version: &amp;apos;3.9.1&amp;apos;, revision: &amp;apos;63f7b50&amp;apos;, time: &amp;apos;2018-02-07T22:42:28.403Z&amp;apos;
System info: host: &amp;apos;B1009809&amp;apos;, ip: &amp;apos;10.82.56.205&amp;apos;, os.name: &amp;apos;Windows 10&amp;apos;, os.arch: &amp;apos;amd64&amp;apos;, os.version: &amp;apos;10.0&amp;apos;, java.version: &amp;apos;1.8.0_181&amp;apos;
Driver info: org.openqa.selenium.chrome.ChromeDriver
Capabilities {acceptInsecureCerts: false, acceptSslCerts: false, applicationCacheEnabled: false, browserConnectionEnabled: false, browserName: chrome, chrome: {chromedriverVersion: 73.0.3683.68 (47787ec04b6e3..., userDataDir: C:\Users\E562418\AppData\Lo...}, cssSelectorsEnabled: true, databaseEnabled: false, goog:chromeOptions: {debuggerAddress: localhost:53548}, handlesAlerts: true, hasTouchScreen: false, javascriptEnabled: true, locationContextEnabled: true, mobileEmulationEnabled: false, nativeEvents: true, networkConnectionEnabled: false, pageLoadStrategy: normal, platform: XP, platformName: XP, proxy: Proxy(), rotatable: false, setWindowRect: true, strictFileInteractability: false, takesHeapSnapshot: true, takesScreenshot: true, timeouts: {implicit: 0, pageLoad: 300000, script: 30000}, unexpectedAlertBehaviour: ignore, unhandledPromptBehavior: ignore, version: 73.0.3683.103, webStorageEnabled: true}
Session ID: 5d9e2d7aba84d2c9a88f5b364a4529fa">
      <![CDATA[org.openqa.selenium.WebDriverException: unknown error: cannot determine loading status
from unknown error: cannot determine loading status
from disconnected: received Inspector.detached event
  (Session info: chrome=73.0.3683.103)
  (Driver info: chromedriver=73.0.3683.68 (47787ec04b6e38e22703e856e101e840b65afe72),platform=Windows NT 10.0.14393 x86_64) (WARNING: The server did not provide any stacktrace information)
Command duration or timeout: 0 milliseconds
Build info: version: '3.9.1', revision: '63f7b50', time: '2018-02-07T22:42:28.403Z'
System info: host: 'B1009809', ip: '10.82.56.205', os.name: 'Windows 10', os.arch: 'amd64', os.version: '10.0', java.version: '1.8.0_181'
Driver info: org.openqa.selenium.chrome.ChromeDriver
Capabilities {acceptInsecureCerts: false, acceptSslCerts: false, applicationCacheEnabled: false, browserConnectionEnabled: false, browserName: chrome, chrome: {chromedriverVersion: 73.0.3683.68 (47787ec04b6e3..., userDataDir: C:\Users\E562418\AppData\Lo...}, cssSelectorsEnabled: true, databaseEnabled: false, goog:chromeOptions: {debuggerAddress: localhost:53548}, handlesAlerts: true, hasTouchScreen: false, javascriptEnabled: true, locationContextEnabled: true, mobileEmulationEnabled: false, nativeEvents: true, networkConnectionEnabled: false, pageLoadStrategy: normal, platform: XP, platformName: XP, proxy: Proxy(), rotatable: false, setWindowRect: true, strictFileInteractability: false, takesHeapSnapshot: true, takesScreenshot: true, timeouts: {implicit: 0, pageLoad: 300000, script: 30000}, unexpectedAlertBehaviour: ignore, unhandledPromptBehavior: ignore, version: 73.0.3683.103, webStorageEnabled: true}
Session ID: 5d9e2d7aba84d2c9a88f5b364a4529fa
at org.openqa.selenium.remote.ErrorHandler.createThrowable(ErrorHandler.java:214)
at org.openqa.selenium.remote.ErrorHandler.throwIfResponseFailed(ErrorHandler.java:166)
at org.openqa.selenium.remote.http.JsonHttpResponseCodec.reconstructValue(JsonHttpResponseCodec.java:40)
at org.openqa.selenium.remote.http.AbstractHttpResponseCodec.decode(AbstractHttpResponseCodec.java:80)
at org.openqa.selenium.remote.http.AbstractHttpResponseCodec.decode(AbstractHttpResponseCodec.java:44)
at org.openqa.selenium.remote.HttpCommandExecutor.execute(HttpCommandExecutor.java:160)
at org.openqa.selenium.remote.service.DriverCommandExecutor.execute(DriverCommandExecutor.java:83)
at org.openqa.selenium.remote.RemoteWebDriver.execute(RemoteWebDriver.java:601)
at org.openqa.selenium.remote.RemoteWebDriver.get(RemoteWebDriver.java:325)
at Peugeot.PreProdHomePageComponentsPeugeotBelgiumFRTest.BeforeTest(PreProdHomePageComponentsPeugeotBelgiumFRTest.java:20)
... Removed 24 stack frames]]>
    </failure>
  </testcase> <!-- @BeforeSuite BeforeTest -->
  <testcase name="@BeforeSuite BeforeTest" time="0.0" classname="Peugeot.PreProdHomePageComponentsPeugeotBelgiumNLTest">
    <skipped/>
  </testcase> <!-- @BeforeSuite BeforeTest -->
  <testcase name="@BeforeSuite BeforeTest" time="0.0" classname="Peugeot.PreProdHomePageComponentsPeugeotFranceTest">
    <skipped/>
  </testcase> <!-- @BeforeSuite BeforeTest -->
  <testcase name="@BeforeSuite BeforeTest" time="0.0" classname="Peugeot.PreProdHomePageComponentsPeugeotItalyTest">
    <skipped/>
  </testcase> <!-- @BeforeSuite BeforeTest -->
  <testcase name="@BeforeSuite BeforeTest" time="0.0" classname="Peugeot.PreProdHomePageComponentsPeugeotSpainTest">
    <skipped/>
  </testcase> <!-- @BeforeSuite BeforeTest -->
  <testcase name="ThePageTitleisCorrect" time="0.0" classname="Peugeot.PreProdHomePageComponentsPeugeotBelgiumFRTest">
    <skipped/>
  </testcase> <!-- ThePageTitleisCorrect -->
  <testcase name="ThePageTitleisCorrect" time="0.0" classname="Peugeot.PreProdHomePageComponentsPeugeotBelgiumNLTest">
    <skipped/>
  </testcase> <!-- ThePageTitleisCorrect -->
  <testcase name="ThePeugeotLogoIsDisplayed" time="0.0" classname="Peugeot.PreProdHomePageComponentsPeugeotFranceTest">
    <skipped/>
  </testcase> <!-- ThePeugeotLogoIsDisplayed -->
  <testcase name="ThePeugeotLogoIsDisplayed" time="0.0" classname="Peugeot.PreProdHomePageComponentsPeugeotItalyTest">
    <skipped/>
  </testcase> <!-- ThePeugeotLogoIsDisplayed -->
  <testcase name="ThePeugeotLogoIsDisplayed" time="0.0" classname="Peugeot.PreProdHomePageComponentsPeugeotSpainTest">
    <skipped/>
  </testcase> <!-- ThePeugeotLogoIsDisplayed -->
  <testcase name="ThePeugeotLogoIsDisplayed" time="0.0" classname="Peugeot.PreProdHomePageComponentsPeugeotBelgiumFRTest">
    <skipped/>
  </testcase> <!-- ThePeugeotLogoIsDisplayed -->
  <testcase name="ThePeugeotLogoIsDisplayed" time="0.0" classname="Peugeot.PreProdHomePageComponentsPeugeotBelgiumNLTest">
    <skipped/>
  </testcase> <!-- ThePeugeotLogoIsDisplayed -->
  <testcase name="TheMySaveIconIsDisplayed" time="0.0" classname="Peugeot.PreProdHomePageComponentsPeugeotFranceTest">
    <skipped/>
  </testcase> <!-- TheMySaveIconIsDisplayed -->
  <testcase name="TheTextUnderThePageTitleIsCorrect" time="0.0" classname="Peugeot.PreProdHomePageComponentsPeugeotBelgiumNLTest">
    <skipped/>
  </testcase> <!-- TheTextUnderThePageTitleIsCorrect -->
  <testcase name="TheMySaveTextIsDisplayed" time="0.0" classname="Peugeot.PreProdHomePageComponentsPeugeotFranceTest">
    <skipped/>
  </testcase> <!-- TheMySaveTextIsDisplayed -->
  <testcase name="GotToHomePageWhenClickingOnThePeugeotLogo" time="0.0" classname="Peugeot.PreProdHomePageComponentsPeugeotBelgiumNLTest">
    <skipped/>
  </testcase> <!-- GotToHomePageWhenClickingOnThePeugeotLogo -->
  <testcase name="TheNeedHelpIconeIsDisplayed" time="0.0" classname="Peugeot.PreProdHomePageComponentsPeugeotFranceTest">
    <skipped/>
  </testcase> <!-- TheNeedHelpIconeIsDisplayed -->
  <testcase name="TheYoutubeIconeIsPresent" time="0.0" classname="Peugeot.PreProdHomePageComponentsPeugeotBelgiumNLTest">
    <skipped/>
  </testcase> <!-- TheYoutubeIconeIsPresent -->
  <testcase name="TheNeedHelpTextIsDisplayed" time="0.0" classname="Peugeot.PreProdHomePageComponentsPeugeotFranceTest">
    <skipped/>
  </testcase> <!-- TheNeedHelpTextIsDisplayed -->
  <testcase name="GotYoutubePageWhenClickingTheyoutubeIcone" time="0.0" classname="Peugeot.PreProdHomePageComponentsPeugeotBelgiumNLTest">
    <skipped/>
  </testcase> <!-- GotYoutubePageWhenClickingTheyoutubeIcone -->
  <testcase name="TheTextUnderThePageTitleIsCorrect" time="0.0" classname="Peugeot.PreProdHomePageComponentsPeugeotFranceTest">
    <skipped/>
  </testcase> <!-- TheTextUnderThePageTitleIsCorrect -->
  <testcase name="TheTextUnderThePageTitleIsCorrect" time="0.0" classname="Peugeot.PreProdHomePageComponentsPeugeotItalyTest">
    <skipped/>
  </testcase> <!-- TheTextUnderThePageTitleIsCorrect -->
  <testcase name="TheTextUnderThePageTitleIsCorrect" time="0.0" classname="Peugeot.PreProdHomePageComponentsPeugeotSpainTest">
    <skipped/>
  </testcase> <!-- TheTextUnderThePageTitleIsCorrect -->
  <testcase name="TheTextUnderThePageTitleIsCorrect" time="0.0" classname="Peugeot.PreProdHomePageComponentsPeugeotBelgiumFRTest">
    <skipped/>
  </testcase> <!-- TheTextUnderThePageTitleIsCorrect -->
  <testcase name="TheUserGeneralConditionsTextIsPresent" time="0.0" classname="Peugeot.PreProdHomePageComponentsPeugeotBelgiumNLTest">
    <skipped/>
  </testcase> <!-- TheUserGeneralConditionsTextIsPresent -->
  <testcase name="GotToHomePageWhenClickingOnThePeugeotLogo" time="0.0" classname="Peugeot.PreProdHomePageComponentsPeugeotFranceTest">
    <skipped/>
  </testcase> <!-- GotToHomePageWhenClickingOnThePeugeotLogo -->
  <testcase name="GotToHomePageWhenClickingOnThePeugeotLogo" time="0.0" classname="Peugeot.PreProdHomePageComponentsPeugeotItalyTest">
    <skipped/>
  </testcase> <!-- GotToHomePageWhenClickingOnThePeugeotLogo -->
  <testcase name="GotToHomePageWhenClickingOnThePeugeotLogo" time="0.0" classname="Peugeot.PreProdHomePageComponentsPeugeotSpainTest">
    <skipped/>
  </testcase> <!-- GotToHomePageWhenClickingOnThePeugeotLogo -->
  <testcase name="GotToHomePageWhenClickingOnThePeugeotLogo" time="0.0" classname="Peugeot.PreProdHomePageComponentsPeugeotBelgiumFRTest">
    <skipped/>
  </testcase> <!-- GotToHomePageWhenClickingOnThePeugeotLogo -->
  <testcase name="GotTheUserGeneralConditionsPage" time="0.0" classname="Peugeot.PreProdHomePageComponentsPeugeotBelgiumNLTest">
    <skipped/>
  </testcase> <!-- GotTheUserGeneralConditionsPage -->
  <testcase name="GotAPopupWhenClickingOnNeedHelpBotton" time="0.0" classname="Peugeot.PreProdHomePageComponentsPeugeotFranceTest">
    <skipped/>
  </testcase> <!-- GotAPopupWhenClickingOnNeedHelpBotton -->
  <testcase name="TheTwiterIconeIsPresent" time="0.0" classname="Peugeot.PreProdHomePageComponentsPeugeotFranceTest">
    <skipped/>
  </testcase> <!-- TheTwiterIconeIsPresent -->
  <testcase name="TheTwiterIconeIsPresent" time="0.0" classname="Peugeot.PreProdHomePageComponentsPeugeotItalyTest">
    <skipped/>
  </testcase> <!-- TheTwiterIconeIsPresent -->
  <testcase name="TheTwiterIconeIsPresent" time="0.0" classname="Peugeot.PreProdHomePageComponentsPeugeotSpainTest">
    <skipped/>
  </testcase> <!-- TheTwiterIconeIsPresent -->
  <testcase name="TheFacebookIconeIsPresent" time="0.0" classname="Peugeot.PreProdHomePageComponentsPeugeotFranceTest">
    <skipped/>
  </testcase> <!-- TheFacebookIconeIsPresent -->
  <testcase name="TheFacebookIconeIsPresent" time="0.0" classname="Peugeot.PreProdHomePageComponentsPeugeotItalyTest">
    <skipped/>
  </testcase> <!-- TheFacebookIconeIsPresent -->
  <testcase name="TheFacebookIconeIsPresent" time="0.0" classname="Peugeot.PreProdHomePageComponentsPeugeotSpainTest">
    <skipped/>
  </testcase> <!-- TheFacebookIconeIsPresent -->
  <testcase name="TheFacebookIconeIsPresent" time="0.0" classname="Peugeot.PreProdHomePageComponentsPeugeotBelgiumFRTest">
    <skipped/>
  </testcase> <!-- TheFacebookIconeIsPresent -->
  <testcase name="TheYoutubeIconeIsPresent" time="0.0" classname="Peugeot.PreProdHomePageComponentsPeugeotFranceTest">
    <skipped/>
  </testcase> <!-- TheYoutubeIconeIsPresent -->
  <testcase name="TheYoutubeIconeIsPresent" time="0.0" classname="Peugeot.PreProdHomePageComponentsPeugeotItalyTest">
    <skipped/>
  </testcase> <!-- TheYoutubeIconeIsPresent -->
  <testcase name="TheYoutubeIconeIsPresent" time="0.0" classname="Peugeot.PreProdHomePageComponentsPeugeotSpainTest">
    <skipped/>
  </testcase> <!-- TheYoutubeIconeIsPresent -->
  <testcase name="TheYoutubeIconeIsPresent" time="0.0" classname="Peugeot.PreProdHomePageComponentsPeugeotBelgiumFRTest">
    <skipped/>
  </testcase> <!-- TheYoutubeIconeIsPresent -->
  <testcase name="GotTwiterPageWhenClickingTheTwiterIcone" time="0.0" classname="Peugeot.PreProdHomePageComponentsPeugeotFranceTest">
    <skipped/>
  </testcase> <!-- GotTwiterPageWhenClickingTheTwiterIcone -->
  <testcase name="GotTwiterPageWhenClickingTheTwiterIcone" time="0.0" classname="Peugeot.PreProdHomePageComponentsPeugeotItalyTest">
    <skipped/>
  </testcase> <!-- GotTwiterPageWhenClickingTheTwiterIcone -->
  <testcase name="GotTwiterPageWhenClickingTheTwiterIcone" time="0.0" classname="Peugeot.PreProdHomePageComponentsPeugeotSpainTest">
    <skipped/>
  </testcase> <!-- GotTwiterPageWhenClickingTheTwiterIcone -->
  <testcase name="GotFacebookPageWhenClickingTheFacebookIcone" time="0.0" classname="Peugeot.PreProdHomePageComponentsPeugeotFranceTest">
    <skipped/>
  </testcase> <!-- GotFacebookPageWhenClickingTheFacebookIcone -->
  <testcase name="GotFacebookPageWhenClickingTheFacebookIcone" time="0.0" classname="Peugeot.PreProdHomePageComponentsPeugeotItalyTest">
    <skipped/>
  </testcase> <!-- GotFacebookPageWhenClickingTheFacebookIcone -->
  <testcase name="GotFacebookPageWhenClickingTheFacebookIcone" time="0.0" classname="Peugeot.PreProdHomePageComponentsPeugeotSpainTest">
    <skipped/>
  </testcase> <!-- GotFacebookPageWhenClickingTheFacebookIcone -->
  <testcase name="GotFacebookPageWhenClickingTheFacebookIcone" time="0.0" classname="Peugeot.PreProdHomePageComponentsPeugeotBelgiumFRTest">
    <skipped/>
  </testcase> <!-- GotFacebookPageWhenClickingTheFacebookIcone -->
  <testcase name="GotYoutubePageWhenClickingTheyoutubeIcone" time="0.0" classname="Peugeot.PreProdHomePageComponentsPeugeotFranceTest">
    <skipped/>
  </testcase> <!-- GotYoutubePageWhenClickingTheyoutubeIcone -->
  <testcase name="GotYoutubePageWhenClickingTheyoutubeIcone" time="0.0" classname="Peugeot.PreProdHomePageComponentsPeugeotItalyTest">
    <skipped/>
  </testcase> <!-- GotYoutubePageWhenClickingTheyoutubeIcone -->
  <testcase name="GotYoutubePageWhenClickingTheyoutubeIcone" time="0.0" classname="Peugeot.PreProdHomePageComponentsPeugeotSpainTest">
    <skipped/>
  </testcase> <!-- GotYoutubePageWhenClickingTheyoutubeIcone -->
  <testcase name="GotYoutubePageWhenClickingTheyoutubeIcone" time="0.0" classname="Peugeot.PreProdHomePageComponentsPeugeotBelgiumFRTest">
    <skipped/>
  </testcase> <!-- GotYoutubePageWhenClickingTheyoutubeIcone -->
  <testcase name="TheUserGeneralConditionsTextIsPresent" time="0.0" classname="Peugeot.PreProdHomePageComponentsPeugeotFranceTest">
    <skipped/>
  </testcase> <!-- TheUserGeneralConditionsTextIsPresent -->
  <testcase name="TheUserGeneralConditionsTextIsPresent" time="0.0" classname="Peugeot.PreProdHomePageComponentsPeugeotItalyTest">
    <skipped/>
  </testcase> <!-- TheUserGeneralConditionsTextIsPresent -->
  <testcase name="TheUserGeneralConditionsTextIsPresent" time="0.0" classname="Peugeot.PreProdHomePageComponentsPeugeotSpainTest">
    <skipped/>
  </testcase> <!-- TheUserGeneralConditionsTextIsPresent -->
  <testcase name="TheUserGeneralConditionsTextIsPresent" time="0.0" classname="Peugeot.PreProdHomePageComponentsPeugeotBelgiumFRTest">
    <skipped/>
  </testcase> <!-- TheUserGeneralConditionsTextIsPresent -->
  <testcase name="TheSellGeneralConditionsTextIsPresent" time="0.0" classname="Peugeot.PreProdHomePageComponentsPeugeotFranceTest">
    <skipped/>
  </testcase> <!-- TheSellGeneralConditionsTextIsPresent -->
  <testcase name="TheCookiesTextIsPresent" time="0.0" classname="Peugeot.PreProdHomePageComponentsPeugeotFranceTest">
    <skipped/>
  </testcase> <!-- TheCookiesTextIsPresent -->
  <testcase name="TheCookiesTextIsPresent" time="0.0" classname="Peugeot.PreProdHomePageComponentsPeugeotItalyTest">
    <skipped/>
  </testcase> <!-- TheCookiesTextIsPresent -->
  <testcase name="TheCookiesTextIsPresent" time="0.0" classname="Peugeot.PreProdHomePageComponentsPeugeotSpainTest">
    <skipped/>
  </testcase> <!-- TheCookiesTextIsPresent -->
  <testcase name="TheCookiesTextIsPresent" time="0.0" classname="Peugeot.PreProdHomePageComponentsPeugeotBelgiumFRTest">
    <skipped/>
  </testcase> <!-- TheCookiesTextIsPresent -->
  <testcase name="GotTheUserGeneralConditionsPDF" time="0.0" classname="Peugeot.PreProdHomePageComponentsPeugeotFranceTest">
    <skipped/>
  </testcase> <!-- GotTheUserGeneralConditionsPDF -->
  <testcase name="GotTheGeneralInformationPage" time="0.0" classname="Peugeot.PreProdHomePageComponentsPeugeotItalyTest">
    <skipped/>
  </testcase> <!-- GotTheGeneralInformationPage -->
  <testcase name="GotTheUserGeneralConditionsPDF" time="0.0" classname="Peugeot.PreProdHomePageComponentsPeugeotSpainTest">
    <skipped/>
  </testcase> <!-- GotTheUserGeneralConditionsPDF -->
  <testcase name="GotTheUserGeneralConditionsPage" time="0.0" classname="Peugeot.PreProdHomePageComponentsPeugeotBelgiumFRTest">
    <skipped/>
  </testcase> <!-- GotTheUserGeneralConditionsPage -->
  <testcase name="GotTheSellGeneralConditionsPDF" time="0.0" classname="Peugeot.PreProdHomePageComponentsPeugeotFranceTest">
    <skipped/>
  </testcase> <!-- GotTheSellGeneralConditionsPDF -->
  <testcase name="GotTheCookiesPopUp" time="0.0" classname="Peugeot.PreProdHomePageComponentsPeugeotFranceTest">
    <skipped/>
  </testcase> <!-- GotTheCookiesPopUp -->
  <testcase name="GotTheCookiesPopUp" time="0.0" classname="Peugeot.PreProdHomePageComponentsPeugeotItalyTest">
    <skipped/>
  </testcase> <!-- GotTheCookiesPopUp -->
  <testcase name="GotTheCookiesPopUp" time="0.0" classname="Peugeot.PreProdHomePageComponentsPeugeotSpainTest">
    <skipped/>
  </testcase> <!-- GotTheCookiesPopUp -->
  <testcase name="GotTheCookiesPopUp" time="0.0" classname="Peugeot.PreProdHomePageComponentsPeugeotBelgiumFRTest">
    <skipped/>
  </testcase> <!-- GotTheCookiesPopUp -->
</testsuite> <!-- HomePageComponents -->
