<?xml version="1.0" encoding="UTF-8"?>
<!-- Generated by org.testng.reporters.JUnitReportReporter -->
<testsuite skipped="0" hostname="B1009809" name="DS.HPCompFrTestDS" tests="22" failures="0" timestamp="20 May 2019 15:14:05 GMT" time="30.505" errors="0">
  <testcase name="ThePageTitleBrandisCorrect" time="0.523" classname="DS.HPCompFrTestDS"/>
  <testcase name="ThePageTitleisCorrect" time="0.094" classname="DS.HPCompFrTestDS"/>
  <testcase name="ThePeugeotLogoIsDisplayed" time="0.067" classname="DS.HPCompFrTestDS"/>
  <testcase name="TheTextUnderThePageTitleIsCorrect" time="0.074" classname="DS.HPCompFrTestDS"/>
  <testcase name="GotToHomePageWhenClickingOnTheCitënLogo" time="1.182" classname="DS.HPCompFrTestDS"/>
  <testcase name="TheFacebookIconeIsPresent" time="0.375" classname="DS.HPCompFrTestDS"/>
  <testcase name="GotFacebookPageWhenClickingTheFacebookIcone" time="3.425" classname="DS.HPCompFrTestDS"/>
  <testcase name="TheUserGeneralConditionsTextIsPresent" time="0.248" classname="DS.HPCompFrTestDS"/>
  <testcase name="TheCookiesTextIsPresent" time="0.051" classname="DS.HPCompFrTestDS"/>
  <testcase name="GotTheUserGeneralConditionsPDF" time="3.510" classname="DS.HPCompFrTestDS"/>
  <testcase name="GotTheCookiesPopUp" time="3.689" classname="DS.HPCompFrTestDS"/>
  <testcase name="TheMySaveIconIsDisplayed" time="0.047" classname="DS.HPCompFrTestDS"/>
  <testcase name="TheMySaveTextIsDisplayed" time="0.062" classname="DS.HPCompFrTestDS"/>
  <testcase name="TheNeedHelpIconeIsDisplayed" time="0.063" classname="DS.HPCompFrTestDS"/>
  <testcase name="TheNeedHelpTextIsDisplayed" time="0.078" classname="DS.HPCompFrTestDS"/>
  <testcase name="GotAPopupWhenClickingOnNeedHelpBotton" time="3.394" classname="DS.HPCompFrTestDS"/>
  <testcase name="TheTwiterIconeIsPresent" time="0.059" classname="DS.HPCompFrTestDS"/>
  <testcase name="TheYoutubeIconeIsPresent" time="0.049" classname="DS.HPCompFrTestDS"/>
  <testcase name="GotTwiterPageWhenClickingTheTwiterIcone" time="4.741" classname="DS.HPCompFrTestDS"/>
  <testcase name="GotYoutubePageWhenClickingTheyoutubeIcone" time="5.252" classname="DS.HPCompFrTestDS"/>
  <testcase name="TheSellGeneralConditionsTextIsPresent" time="0.076" classname="DS.HPCompFrTestDS"/>
  <testcase name="GotTheSellGeneralConditionsPDF" time="3.446" classname="DS.HPCompFrTestDS"/>
</testsuite> <!-- DS.HPCompFrTestDS -->
