<?xml version="1.0" encoding="UTF-8"?>
<!-- Generated by org.testng.reporters.JUnitReportReporter -->
<testsuite skipped="0" hostname="B1009809" name="DS.HPCompItTest" tests="16" failures="2" timestamp="22 May 2019 08:18:56 GMT" time="29.140" errors="0">
  <testcase name="ThePageTitleisCorrect" time="0.116" classname="DS.HPCompItTest"/>
  <testcase name="ThePageTitleBrandisCorrect" time="0.152" classname="DS.HPCompItTest"/>
  <testcase name="ThePeugeotLogoIsDisplayed" time="0.080" classname="DS.HPCompItTest"/>
  <testcase name="TheTextUnderThePageTitleIsCorrect" time="0.144" classname="DS.HPCompItTest"/>
  <testcase name="GotToHomePageWhenClickingOnTheCitënLogo" time="4.120" classname="DS.HPCompItTest"/>
  <testcase name="TheFacebookIconeIsPresent" time="0.100" classname="DS.HPCompItTest"/>
  <testcase name="GotFacebookPageWhenClickingTheFacebookIcone" time="4.222" classname="DS.HPCompItTest">
    <failure type="java.lang.AssertionError">
      <![CDATA[java.lang.AssertionError
at DS.HPCompItTest.GotFacebookPageWhenClickingTheFacebookIcone(HPCompItTest.java:77)
at sun.reflect.NativeMethodAccessorImpl.invoke0(Native Method)
at sun.reflect.NativeMethodAccessorImpl.invoke(NativeMethodAccessorImpl.java:62)
at sun.reflect.DelegatingMethodAccessorImpl.invoke(DelegatingMethodAccessorImpl.java:43)
at java.lang.reflect.Method.invoke(Method.java:498)
at org.testng.internal.MethodInvocationHelper.invokeMethod(MethodInvocationHelper.java:124)
at org.testng.internal.Invoker.invokeMethod(Invoker.java:580)
at org.testng.internal.Invoker.invokeTestMethod(Invoker.java:716)
at org.testng.internal.Invoker.invokeTestMethods(Invoker.java:988)
at org.testng.internal.TestMethodWorker.invokeTestMethods(TestMethodWorker.java:125)
at org.testng.internal.TestMethodWorker.run(TestMethodWorker.java:109)
at java.util.concurrent.ThreadPoolExecutor.runWorker(ThreadPoolExecutor.java:1149)
at java.util.concurrent.ThreadPoolExecutor$Worker.run(ThreadPoolExecutor.java:624)
at java.lang.Thread.run(Thread.java:748)
]]>
    </failure>
  </testcase> <!-- GotFacebookPageWhenClickingTheFacebookIcone -->
  <testcase name="TheUserGeneralConditionsTextIsPresent" time="0.184" classname="DS.HPCompItTest"/>
  <testcase name="TheCookiesTextIsPresent" time="0.112" classname="DS.HPCompItTest"/>
  <testcase name="GotTheUserGeneralConditionsURLRight" time="3.624" classname="DS.HPCompItTest"/>
  <testcase name="GotTheUserGeneralConditionsPage" time="3.470" classname="DS.HPCompItTest">
    <failure type="java.lang.AssertionError">
      <![CDATA[java.lang.AssertionError
at DS.HPCompItTest.GotTheUserGeneralConditionsPage(HPCompItTest.java:105)
at sun.reflect.NativeMethodAccessorImpl.invoke0(Native Method)
at sun.reflect.NativeMethodAccessorImpl.invoke(NativeMethodAccessorImpl.java:62)
at sun.reflect.DelegatingMethodAccessorImpl.invoke(DelegatingMethodAccessorImpl.java:43)
at java.lang.reflect.Method.invoke(Method.java:498)
at org.testng.internal.MethodInvocationHelper.invokeMethod(MethodInvocationHelper.java:124)
at org.testng.internal.Invoker.invokeMethod(Invoker.java:580)
at org.testng.internal.Invoker.invokeTestMethod(Invoker.java:716)
at org.testng.internal.Invoker.invokeTestMethods(Invoker.java:988)
at org.testng.internal.TestMethodWorker.invokeTestMethods(TestMethodWorker.java:125)
at org.testng.internal.TestMethodWorker.run(TestMethodWorker.java:109)
at java.util.concurrent.ThreadPoolExecutor.runWorker(ThreadPoolExecutor.java:1149)
at java.util.concurrent.ThreadPoolExecutor$Worker.run(ThreadPoolExecutor.java:624)
at java.lang.Thread.run(Thread.java:748)
]]>
    </failure>
  </testcase> <!-- GotTheUserGeneralConditionsPage -->
  <testcase name="GotTheCookiesPopUp" time="3.608" classname="DS.HPCompItTest"/>
  <testcase name="TheTwiterIconeIsPresent" time="0.064" classname="DS.HPCompItTest"/>
  <testcase name="TheYoutubeIconeIsPresent" time="0.148" classname="DS.HPCompItTest"/>
  <testcase name="GotTwiterPageWhenClickingTheTwiterIcone" time="4.840" classname="DS.HPCompItTest"/>
  <testcase name="GotYoutubePageWhenClickingTheyoutubeIcone" time="4.156" classname="DS.HPCompItTest"/>
</testsuite> <!-- DS.HPCompItTest -->
