<?xml version="1.0" encoding="UTF-8"?>
<!-- Generated by org.testng.reporters.JUnitReportReporter -->
<testsuite skipped="0" hostname="B1009809" name="DS.HPCompFrTest" tests="22" failures="0" timestamp="22 May 2019 08:18:56 GMT" time="31.010" errors="0">
  <testcase name="ThePageTitleBrandisCorrect" time="0.172" classname="DS.HPCompFrTest"/>
  <testcase name="ThePageTitleisCorrect" time="0.076" classname="DS.HPCompFrTest"/>
  <testcase name="ThePeugeotLogoIsDisplayed" time="0.104" classname="DS.HPCompFrTest"/>
  <testcase name="TheTextUnderThePageTitleIsCorrect" time="0.136" classname="DS.HPCompFrTest"/>
  <testcase name="GotToHomePageWhenClickingOnTheCitënLogo" time="3.081" classname="DS.HPCompFrTest"/>
  <testcase name="TheFacebookIconeIsPresent" time="0.104" classname="DS.HPCompFrTest"/>
  <testcase name="GotFacebookPageWhenClickingTheFacebookIcone" time="3.604" classname="DS.HPCompFrTest"/>
  <testcase name="TheUserGeneralConditionsTextIsPresent" time="0.112" classname="DS.HPCompFrTest"/>
  <testcase name="TheCookiesTextIsPresent" time="0.112" classname="DS.HPCompFrTest"/>
  <testcase name="GotTheUserGeneralConditionsPDF" time="3.452" classname="DS.HPCompFrTest"/>
  <testcase name="GotTheCookiesPopUp" time="3.828" classname="DS.HPCompFrTest"/>
  <testcase name="TheMySaveIconIsDisplayed" time="0.072" classname="DS.HPCompFrTest"/>
  <testcase name="TheMySaveTextIsDisplayed" time="0.180" classname="DS.HPCompFrTest"/>
  <testcase name="TheNeedHelpIconeIsDisplayed" time="0.080" classname="DS.HPCompFrTest"/>
  <testcase name="TheNeedHelpTextIsDisplayed" time="0.100" classname="DS.HPCompFrTest"/>
  <testcase name="GotAPopupWhenClickingOnNeedHelpBotton" time="3.668" classname="DS.HPCompFrTest"/>
  <testcase name="TheTwiterIconeIsPresent" time="0.084" classname="DS.HPCompFrTest"/>
  <testcase name="TheYoutubeIconeIsPresent" time="0.116" classname="DS.HPCompFrTest"/>
  <testcase name="GotTwiterPageWhenClickingTheTwiterIcone" time="3.861" classname="DS.HPCompFrTest"/>
  <testcase name="GotYoutubePageWhenClickingTheyoutubeIcone" time="4.453" classname="DS.HPCompFrTest"/>
  <testcase name="TheSellGeneralConditionsTextIsPresent" time="0.100" classname="DS.HPCompFrTest"/>
  <testcase name="GotTheSellGeneralConditionsPDF" time="3.515" classname="DS.HPCompFrTest"/>
</testsuite> <!-- DS.HPCompFrTest -->
